2019-06-25 10:29:20.973  INFO 7856 --- [restartedMain] com.example.demo.EcsiteVer2Application   : Starting EcsiteVer2Application on fuser1-HP with PID 7856 (C:\Users\suganuma\Desktop\pleiades-4.8.0-java-win-64bit-jre_20180923\pleiades\workspace\Ecsite_ver2\target\classes started by suganuma in C:\Users\suganuma\Desktop\pleiades-4.8.0-java-win-64bit-jre_20180923\pleiades\workspace\Ecsite_ver2)
2019-06-25 10:29:20.979  INFO 7856 --- [restartedMain] com.example.demo.EcsiteVer2Application   : No active profile set, falling back to default profiles: default
2019-06-25 10:29:21.028  INFO 7856 --- [restartedMain] ConfigServletWebServerApplicationContext : Refreshing org.springframework.boot.web.servlet.context.AnnotationConfigServletWebServerApplicationContext@4e556929: startup date [Tue Jun 25 10:29:21 JST 2019]; root of context hierarchy
2019-06-25 10:29:22.415  INFO 7856 --- [restartedMain] o.s.b.w.embedded.tomcat.TomcatWebServer  : Tomcat initialized with port(s): 8090 (http)
2019-06-25 10:29:22.443  INFO 7856 --- [restartedMain] o.apache.catalina.core.StandardService   : Starting service [Tomcat]
2019-06-25 10:29:22.447  INFO 7856 --- [restartedMain] org.apache.catalina.core.StandardEngine  : Starting Servlet Engine: Apache Tomcat/8.5.31
2019-06-25 10:29:22.452  INFO 7856 --- [localhost-startStop-1] o.a.catalina.core.AprLifecycleListener   : Loaded APR based Apache Tomcat Native library [1.2.18] using APR version [1.6.5].
2019-06-25 10:29:22.453  INFO 7856 --- [localhost-startStop-1] o.a.catalina.core.AprLifecycleListener   : APR capabilities: IPv6 [true], sendfile [true], accept filters [false], random [true].
2019-06-25 10:29:22.453  INFO 7856 --- [localhost-startStop-1] o.a.catalina.core.AprLifecycleListener   : APR/OpenSSL configuration: useAprConnector [false], useOpenSSL [true]
2019-06-25 10:29:22.472  INFO 7856 --- [localhost-startStop-1] o.a.catalina.core.AprLifecycleListener   : OpenSSL successfully initialized [OpenSSL 1.1.1  11 Sep 2018]
2019-06-25 10:29:22.549  INFO 7856 --- [localhost-startStop-1] o.a.c.c.C.[Tomcat].[localhost].[/]       : Initializing Spring embedded WebApplicationContext
2019-06-25 10:29:22.549  INFO 7856 --- [localhost-startStop-1] o.s.web.context.ContextLoader            : Root WebApplicationContext: initialization completed in 1522 ms
2019-06-25 10:29:22.661  INFO 7856 --- [localhost-startStop-1] o.s.b.w.servlet.ServletRegistrationBean  : Servlet dispatcherServlet mapped to [/]
2019-06-25 10:29:22.664  INFO 7856 --- [localhost-startStop-1] o.s.b.w.servlet.FilterRegistrationBean   : Mapping filter: 'characterEncodingFilter' to: [/*]
2019-06-25 10:29:22.665  INFO 7856 --- [localhost-startStop-1] o.s.b.w.servlet.FilterRegistrationBean   : Mapping filter: 'hiddenHttpMethodFilter' to: [/*]
2019-06-25 10:29:22.665  INFO 7856 --- [localhost-startStop-1] o.s.b.w.servlet.FilterRegistrationBean   : Mapping filter: 'httpPutFormContentFilter' to: [/*]
2019-06-25 10:29:22.665  INFO 7856 --- [localhost-startStop-1] o.s.b.w.servlet.FilterRegistrationBean   : Mapping filter: 'requestContextFilter' to: [/*]
2019-06-25 10:29:22.881  INFO 7856 --- [restartedMain] o.s.w.s.handler.SimpleUrlHandlerMapping  : Mapped URL path [/**/favicon.ico] onto handler of type [class org.springframework.web.servlet.resource.ResourceHttpRequestHandler]
2019-06-25 10:29:23.105  INFO 7856 --- [restartedMain] s.w.s.m.m.a.RequestMappingHandlerAdapter : Looking for @ControllerAdvice: org.springframework.boot.web.servlet.context.AnnotationConfigServletWebServerApplicationContext@4e556929: startup date [Tue Jun 25 10:29:21 JST 2019]; root of context hierarchy
2019-06-25 10:29:23.157  INFO 7856 --- [restartedMain] s.w.s.m.m.a.RequestMappingHandlerMapping : Mapped "{[/cart2],methods=[POST]}" onto public java.lang.String com.example.demo.CartController.count(org.springframework.ui.Model,com.example.demo.CartForm)
2019-06-25 10:29:23.158  INFO 7856 --- [restartedMain] s.w.s.m.m.a.RequestMappingHandlerMapping : Mapped "{[/cart],methods=[GET]}" onto public java.lang.String com.example.demo.CartController.cart(org.springframework.ui.Model)
2019-06-25 10:29:23.158  INFO 7856 --- [restartedMain] s.w.s.m.m.a.RequestMappingHandlerMapping : Mapped "{[/buy],methods=[POST]}" onto public java.lang.String com.example.demo.CartController.buy(org.springframework.ui.Model,com.example.demo.CartForm)
2019-06-25 10:29:23.159  INFO 7856 --- [restartedMain] s.w.s.m.m.a.RequestMappingHandlerMapping : Mapped "{[/cart],methods=[POST]}" onto public java.lang.String com.example.demo.GoodsController.goods(org.springframework.ui.Model,com.example.demo.GoodsForm,org.springframework.validation.BindingResult)
2019-06-25 10:29:23.160  INFO 7856 --- [restartedMain] s.w.s.m.m.a.RequestMappingHandlerMapping : Mapped "{[/goods],methods=[GET]}" onto public java.lang.String com.example.demo.GoodsController.goods(org.springframework.ui.Model,java.lang.String,com.example.demo.GoodsForm)
2019-06-25 10:29:23.160  INFO 7856 --- [restartedMain] s.w.s.m.m.a.RequestMappingHandlerMapping : Mapped "{[/goods],methods=[POST]}" onto public java.lang.String com.example.demo.GoodsController.lgoods(org.springframework.ui.Model,com.example.demo.GoodsForm)
2019-06-25 10:29:23.160  INFO 7856 --- [restartedMain] s.w.s.m.m.a.RequestMappingHandlerMapping : Mapped "{[/goodscommit],methods=[GET]}" onto public java.lang.String com.example.demo.GoodsController.price(org.springframework.ui.Model,com.example.demo.GoodsForm)
2019-06-25 10:29:23.161  INFO 7856 --- [restartedMain] s.w.s.m.m.a.RequestMappingHandlerMapping : Mapped "{[/index],methods=[GET]}" onto public java.lang.String com.example.demo.IndexController.index(org.springframework.ui.Model)
2019-06-25 10:29:23.161  INFO 7856 --- [restartedMain] s.w.s.m.m.a.RequestMappingHandlerMapping : Mapped "{[/index],methods=[POST]}" onto public java.lang.String com.example.demo.LoginController.index(org.springframework.ui.Model,com.example.demo.LoginForm,org.springframework.validation.BindingResult)
2019-06-25 10:29:23.161  INFO 7856 --- [restartedMain] s.w.s.m.m.a.RequestMappingHandlerMapping : Mapped "{[/login],methods=[GET]}" onto public java.lang.String com.example.demo.LoginController.index(org.springframework.ui.Model)
2019-06-25 10:29:23.162  INFO 7856 --- [restartedMain] s.w.s.m.m.a.RequestMappingHandlerMapping : Mapped "{[/logout],methods=[GET]}" onto public java.lang.String com.example.demo.LogoutController.logout()
2019-06-25 10:29:23.162  INFO 7856 --- [restartedMain] s.w.s.m.m.a.RequestMappingHandlerMapping : Mapped "{[/index2],methods=[POST]}" onto public java.lang.String com.example.demo.LogoutController.logout(org.springframework.ui.Model)
2019-06-25 10:29:23.162  INFO 7856 --- [restartedMain] s.w.s.m.m.a.RequestMappingHandlerMapping : Mapped "{[/mypage],methods=[GET]}" onto public java.lang.String com.example.demo.MypageController.mypate(org.springframework.ui.Model)
2019-06-25 10:29:23.163  INFO 7856 --- [restartedMain] s.w.s.m.m.a.RequestMappingHandlerMapping : Mapped "{[/newid],methods=[GET]}" onto public java.lang.String com.example.demo.NewidController.index(org.springframework.ui.Model)
2019-06-25 10:29:23.169  INFO 7856 --- [restartedMain] s.w.s.m.m.a.RequestMappingHandlerMapping : Mapped "{[/madenewid],methods=[POST]}" onto public java.lang.String com.example.demo.NewidController.index(org.springframework.ui.Model,com.example.demo.NewidForm,org.springframework.validation.BindingResult)
2019-06-25 10:29:23.174  INFO 7856 --- [restartedMain] s.w.s.m.m.a.RequestMappingHandlerMapping : Mapped "{[/error]}" onto public org.springframework.http.ResponseEntity<java.util.Map<java.lang.String, java.lang.Object>> org.springframework.boot.autoconfigure.web.servlet.error.BasicErrorController.error(javax.servlet.http.HttpServletRequest)
2019-06-25 10:29:23.175  INFO 7856 --- [restartedMain] s.w.s.m.m.a.RequestMappingHandlerMapping : Mapped "{[/error],produces=[text/html]}" onto public org.springframework.web.servlet.ModelAndView org.springframework.boot.autoconfigure.web.servlet.error.BasicErrorController.errorHtml(javax.servlet.http.HttpServletRequest,javax.servlet.http.HttpServletResponse)
2019-06-25 10:29:23.201  INFO 7856 --- [restartedMain] o.s.w.s.handler.SimpleUrlHandlerMapping  : Mapped URL path [/webjars/**] onto handler of type [class org.springframework.web.servlet.resource.ResourceHttpRequestHandler]
2019-06-25 10:29:23.202  INFO 7856 --- [restartedMain] o.s.w.s.handler.SimpleUrlHandlerMapping  : Mapped URL path [/**] onto handler of type [class org.springframework.web.servlet.resource.ResourceHttpRequestHandler]
2019-06-25 10:29:23.297  INFO 7856 --- [restartedMain] o.s.b.a.w.s.WelcomePageHandlerMapping    : Adding welcome page template: index
2019-06-25 10:29:23.475  INFO 7856 --- [restartedMain] o.s.b.d.a.OptionalLiveReloadServer       : LiveReload server is running on port 35729
2019-06-25 10:29:23.503  INFO 7856 --- [restartedMain] o.s.j.e.a.AnnotationMBeanExporter        : Registering beans for JMX exposure on startup
2019-06-25 10:29:23.505  INFO 7856 --- [restartedMain] o.s.j.e.a.AnnotationMBeanExporter        : Bean with name 'dataSource' has been autodetected for JMX exposure
2019-06-25 10:29:23.509  INFO 7856 --- [restartedMain] o.s.j.e.a.AnnotationMBeanExporter        : Located MBean 'dataSource': registering with JMX server as MBean [com.zaxxer.hikari:name=dataSource,type=HikariDataSource]
2019-06-25 10:29:23.554  INFO 7856 --- [restartedMain] o.s.b.w.embedded.tomcat.TomcatWebServer  : Tomcat started on port(s): 8090 (http) with context path ''
2019-06-25 10:29:23.557  INFO 7856 --- [restartedMain] com.example.demo.EcsiteVer2Application   : Started EcsiteVer2Application in 2.941 seconds (JVM running for 4.076)
2019-06-25 10:29:28.160  INFO 7856 --- [http-nio-8090-exec-1] o.a.c.c.C.[Tomcat].[localhost].[/]       : Initializing Spring FrameworkServlet 'dispatcherServlet'
2019-06-25 10:29:28.166  INFO 7856 --- [http-nio-8090-exec-1] o.s.web.servlet.DispatcherServlet        : FrameworkServlet 'dispatcherServlet': initialization started
2019-06-25 10:29:28.185  INFO 7856 --- [http-nio-8090-exec-1] o.s.web.servlet.DispatcherServlet        : FrameworkServlet 'dispatcherServlet': initialization completed in 19 ms
2019-06-25 10:29:28.223  INFO 7856 --- [http-nio-8090-exec-1] com.zaxxer.hikari.HikariDataSource       : HikariPool-1 - Starting...
2019-06-25 10:29:28.522  INFO 7856 --- [http-nio-8090-exec-1] com.zaxxer.hikari.HikariDataSource       : HikariPool-1 - Start completed.
2019-06-25 10:37:38.787  INFO 7856 --- [Thread-6] ConfigServletWebServerApplicationContext : Closing org.springframework.boot.web.servlet.context.AnnotationConfigServletWebServerApplicationContext@4e556929: startup date [Tue Jun 25 10:29:21 JST 2019]; root of context hierarchy
2019-06-25 10:37:38.810  INFO 7856 --- [Thread-6] o.s.j.e.a.AnnotationMBeanExporter        : Unregistering JMX-exposed beans on shutdown
2019-06-25 10:37:38.812  INFO 7856 --- [Thread-6] o.s.j.e.a.AnnotationMBeanExporter        : Unregistering JMX-exposed beans
2019-06-25 10:37:38.823  INFO 7856 --- [Thread-6] com.zaxxer.hikari.HikariDataSource       : HikariPool-1 - Shutdown initiated...
2019-06-25 10:37:38.834  INFO 7856 --- [Thread-6] com.zaxxer.hikari.HikariDataSource       : HikariPool-1 - Shutdown completed.
2019-06-25 10:37:39.237  INFO 7856 --- [restartedMain] com.example.demo.EcsiteVer2Application   : Starting EcsiteVer2Application on fuser1-HP with PID 7856 (C:\Users\suganuma\Desktop\pleiades-4.8.0-java-win-64bit-jre_20180923\pleiades\workspace\Ecsite_ver2\target\classes started by suganuma in C:\Users\suganuma\Desktop\pleiades-4.8.0-java-win-64bit-jre_20180923\pleiades\workspace\Ecsite_ver2)
2019-06-25 10:37:39.237  INFO 7856 --- [restartedMain] com.example.demo.EcsiteVer2Application   : No active profile set, falling back to default profiles: default
2019-06-25 10:37:39.240  INFO 7856 --- [restartedMain] ConfigServletWebServerApplicationContext : Refreshing org.springframework.boot.web.servlet.context.AnnotationConfigServletWebServerApplicationContext@6b55bc55: startup date [Tue Jun 25 10:37:39 JST 2019]; root of context hierarchy
2019-06-25 10:37:39.631  INFO 7856 --- [restartedMain] o.s.b.w.embedded.tomcat.TomcatWebServer  : Tomcat initialized with port(s): 8090 (http)
2019-06-25 10:37:39.633  INFO 7856 --- [restartedMain] o.apache.catalina.core.StandardService   : Starting service [Tomcat]
2019-06-25 10:37:39.633  INFO 7856 --- [restartedMain] org.apache.catalina.core.StandardEngine  : Starting Servlet Engine: Apache Tomcat/8.5.31
2019-06-25 10:37:39.634  INFO 7856 --- [localhost-startStop-1] o.a.catalina.core.AprLifecycleListener   : Loaded APR based Apache Tomcat Native library [1.2.18] using APR version [1.6.5].
2019-06-25 10:37:39.635  INFO 7856 --- [localhost-startStop-1] o.a.catalina.core.AprLifecycleListener   : APR capabilities: IPv6 [true], sendfile [true], accept filters [false], random [true].
2019-06-25 10:37:39.635  INFO 7856 --- [localhost-startStop-1] o.a.catalina.core.AprLifecycleListener   : APR/OpenSSL configuration: useAprConnector [false], useOpenSSL [true]
2019-06-25 10:37:39.635  INFO 7856 --- [localhost-startStop-1] o.a.catalina.core.AprLifecycleListener   : OpenSSL successfully initialized [OpenSSL 1.1.1  11 Sep 2018]
2019-06-25 10:37:39.648  INFO 7856 --- [localhost-startStop-1] o.a.c.c.C.[Tomcat].[localhost].[/]       : Initializing Spring embedded WebApplicationContext
2019-06-25 10:37:39.648  INFO 7856 --- [localhost-startStop-1] o.s.web.context.ContextLoader            : Root WebApplicationContext: initialization completed in 408 ms
2019-06-25 10:37:39.673  INFO 7856 --- [localhost-startStop-1] o.s.b.w.servlet.ServletRegistrationBean  : Servlet dispatcherServlet mapped to [/]
2019-06-25 10:37:39.673  INFO 7856 --- [localhost-startStop-1] o.s.b.w.servlet.FilterRegistrationBean   : Mapping filter: 'characterEncodingFilter' to: [/*]
2019-06-25 10:37:39.673  INFO 7856 --- [localhost-startStop-1] o.s.b.w.servlet.FilterRegistrationBean   : Mapping filter: 'hiddenHttpMethodFilter' to: [/*]
2019-06-25 10:37:39.674  INFO 7856 --- [localhost-startStop-1] o.s.b.w.servlet.FilterRegistrationBean   : Mapping filter: 'httpPutFormContentFilter' to: [/*]
2019-06-25 10:37:39.678  INFO 7856 --- [localhost-startStop-1] o.s.b.w.servlet.FilterRegistrationBean   : Mapping filter: 'requestContextFilter' to: [/*]
2019-06-25 10:37:39.757  INFO 7856 --- [restartedMain] o.s.w.s.handler.SimpleUrlHandlerMapping  : Mapped URL path [/**/favicon.ico] onto handler of type [class org.springframework.web.servlet.resource.ResourceHttpRequestHandler]
2019-06-25 10:37:39.799  INFO 7856 --- [restartedMain] s.w.s.m.m.a.RequestMappingHandlerAdapter : Looking for @ControllerAdvice: org.springframework.boot.web.servlet.context.AnnotationConfigServletWebServerApplicationContext@6b55bc55: startup date [Tue Jun 25 10:37:39 JST 2019]; root of context hierarchy
2019-06-25 10:37:39.806  INFO 7856 --- [restartedMain] s.w.s.m.m.a.RequestMappingHandlerMapping : Mapped "{[/cart2],methods=[POST]}" onto public java.lang.String com.example.demo.CartController.count(org.springframework.ui.Model,com.example.demo.CartForm)
2019-06-25 10:37:39.806  INFO 7856 --- [restartedMain] s.w.s.m.m.a.RequestMappingHandlerMapping : Mapped "{[/cart],methods=[GET]}" onto public java.lang.String com.example.demo.CartController.cart(org.springframework.ui.Model)
2019-06-25 10:37:39.806  INFO 7856 --- [restartedMain] s.w.s.m.m.a.RequestMappingHandlerMapping : Mapped "{[/buy],methods=[POST]}" onto public java.lang.String com.example.demo.CartController.buy(org.springframework.ui.Model,com.example.demo.CartForm)
2019-06-25 10:37:39.807  INFO 7856 --- [restartedMain] s.w.s.m.m.a.RequestMappingHandlerMapping : Mapped "{[/cart],methods=[POST]}" onto public java.lang.String com.example.demo.GoodsController.goods(org.springframework.ui.Model,com.example.demo.GoodsForm,org.springframework.validation.BindingResult)
2019-06-25 10:37:39.807  INFO 7856 --- [restartedMain] s.w.s.m.m.a.RequestMappingHandlerMapping : Mapped "{[/goods],methods=[GET]}" onto public java.lang.String com.example.demo.GoodsController.goods(org.springframework.ui.Model,java.lang.String,com.example.demo.GoodsForm)
2019-06-25 10:37:39.807  INFO 7856 --- [restartedMain] s.w.s.m.m.a.RequestMappingHandlerMapping : Mapped "{[/goods],methods=[POST]}" onto public java.lang.String com.example.demo.GoodsController.lgoods(org.springframework.ui.Model,com.example.demo.GoodsForm)
2019-06-25 10:37:39.807  INFO 7856 --- [restartedMain] s.w.s.m.m.a.RequestMappingHandlerMapping : Mapped "{[/goodscommit],methods=[GET]}" onto public java.lang.String com.example.demo.GoodsController.price(org.springframework.ui.Model,com.example.demo.GoodsForm)
2019-06-25 10:37:39.808  INFO 7856 --- [restartedMain] s.w.s.m.m.a.RequestMappingHandlerMapping : Mapped "{[/index],methods=[GET]}" onto public java.lang.String com.example.demo.IndexController.index(org.springframework.ui.Model)
2019-06-25 10:37:39.808  INFO 7856 --- [restartedMain] s.w.s.m.m.a.RequestMappingHandlerMapping : Mapped "{[/index],methods=[POST]}" onto public java.lang.String com.example.demo.LoginController.index(org.springframework.ui.Model,com.example.demo.LoginForm,org.springframework.validation.BindingResult)
2019-06-25 10:37:39.809  INFO 7856 --- [restartedMain] s.w.s.m.m.a.RequestMappingHandlerMapping : Mapped "{[/login],methods=[GET]}" onto public java.lang.String com.example.demo.LoginController.index(org.springframework.ui.Model)
2019-06-25 10:37:39.809  INFO 7856 --- [restartedMain] s.w.s.m.m.a.RequestMappingHandlerMapping : Mapped "{[/logout],methods=[GET]}" onto public java.lang.String com.example.demo.LogoutController.logout()
2019-06-25 10:37:39.809  INFO 7856 --- [restartedMain] s.w.s.m.m.a.RequestMappingHandlerMapping : Mapped "{[/index2],methods=[POST]}" onto public java.lang.String com.example.demo.LogoutController.logout(org.springframework.ui.Model)
2019-06-25 10:37:39.809  INFO 7856 --- [restartedMain] s.w.s.m.m.a.RequestMappingHandlerMapping : Mapped "{[/mypage],methods=[GET]}" onto public java.lang.String com.example.demo.MypageController.mypate(org.springframework.ui.Model)
2019-06-25 10:37:39.814  INFO 7856 --- [restartedMain] s.w.s.m.m.a.RequestMappingHandlerMapping : Mapped "{[/newid],methods=[GET]}" onto public java.lang.String com.example.demo.NewidController.index(org.springframework.ui.Model)
2019-06-25 10:37:39.814  INFO 7856 --- [restartedMain] s.w.s.m.m.a.RequestMappingHandlerMapping : Mapped "{[/madenewid],methods=[POST]}" onto public java.lang.String com.example.demo.NewidController.index(org.springframework.ui.Model,com.example.demo.NewidForm,org.springframework.validation.BindingResult)
2019-06-25 10:37:39.816  INFO 7856 --- [restartedMain] s.w.s.m.m.a.RequestMappingHandlerMapping : Mapped "{[/error]}" onto public org.springframework.http.ResponseEntity<java.util.Map<java.lang.String, java.lang.Object>> org.springframework.boot.autoconfigure.web.servlet.error.BasicErrorController.error(javax.servlet.http.HttpServletRequest)
2019-06-25 10:37:39.816  INFO 7856 --- [restartedMain] s.w.s.m.m.a.RequestMappingHandlerMapping : Mapped "{[/error],produces=[text/html]}" onto public org.springframework.web.servlet.ModelAndView org.springframework.boot.autoconfigure.web.servlet.error.BasicErrorController.errorHtml(javax.servlet.http.HttpServletRequest,javax.servlet.http.HttpServletResponse)
2019-06-25 10:37:39.824  INFO 7856 --- [restartedMain] o.s.w.s.handler.SimpleUrlHandlerMapping  : Mapped URL path [/webjars/**] onto handler of type [class org.springframework.web.servlet.resource.ResourceHttpRequestHandler]
2019-06-25 10:37:39.825  INFO 7856 --- [restartedMain] o.s.w.s.handler.SimpleUrlHandlerMapping  : Mapped URL path [/**] onto handler of type [class org.springframework.web.servlet.resource.ResourceHttpRequestHandler]
2019-06-25 10:37:39.847  INFO 7856 --- [restartedMain] o.s.b.a.w.s.WelcomePageHandlerMapping    : Adding welcome page template: index
2019-06-25 10:37:39.884  INFO 7856 --- [restartedMain] o.s.b.d.a.OptionalLiveReloadServer       : LiveReload server is running on port 35729
2019-06-25 10:37:39.901  INFO 7856 --- [restartedMain] o.s.j.e.a.AnnotationMBeanExporter        : Registering beans for JMX exposure on startup
2019-06-25 10:37:39.901  INFO 7856 --- [restartedMain] o.s.j.e.a.AnnotationMBeanExporter        : Bean with name 'dataSource' has been autodetected for JMX exposure
2019-06-25 10:37:39.904  INFO 7856 --- [restartedMain] o.s.j.e.a.AnnotationMBeanExporter        : Located MBean 'dataSource': registering with JMX server as MBean [com.zaxxer.hikari:name=dataSource,type=HikariDataSource]
2019-06-25 10:37:39.913  INFO 7856 --- [restartedMain] o.s.b.w.embedded.tomcat.TomcatWebServer  : Tomcat started on port(s): 8090 (http) with context path ''
2019-06-25 10:37:39.914  INFO 7856 --- [restartedMain] com.example.demo.EcsiteVer2Application   : Started EcsiteVer2Application in 0.715 seconds (JVM running for 500.396)
2019-06-25 10:37:39.917  INFO 7856 --- [restartedMain] .ConditionEvaluationDeltaLoggingListener : Condition evaluation unchanged
2019-06-25 10:40:18.706  INFO 7856 --- [http-nio-8090-exec-2] o.a.c.c.C.[Tomcat].[localhost].[/]       : Initializing Spring FrameworkServlet 'dispatcherServlet'
2019-06-25 10:40:18.706  INFO 7856 --- [http-nio-8090-exec-2] o.s.web.servlet.DispatcherServlet        : FrameworkServlet 'dispatcherServlet': initialization started
2019-06-25 10:40:18.724  INFO 7856 --- [http-nio-8090-exec-2] o.s.web.servlet.DispatcherServlet        : FrameworkServlet 'dispatcherServlet': initialization completed in 3 ms
2019-06-25 10:40:18.727  INFO 7856 --- [http-nio-8090-exec-2] com.zaxxer.hikari.HikariDataSource       : HikariPool-2 - Starting...
2019-06-25 10:40:18.735  INFO 7856 --- [http-nio-8090-exec-2] com.zaxxer.hikari.HikariDataSource       : HikariPool-2 - Start completed.
2019-06-25 10:41:01.301  INFO 7856 --- [http-nio-8090-exec-6] com.example.demo.LoginController         : index method
2019-06-25 10:44:56.810  INFO 7052 --- [restartedMain] com.example.demo.EcsiteVer2Application   : Starting EcsiteVer2Application on fuser1-HP with PID 7052 (C:\Users\suganuma\Desktop\pleiades-4.8.0-java-win-64bit-jre_20180923\pleiades\workspace\Ecsite_ver2\target\classes started by suganuma in C:\Users\suganuma\Desktop\pleiades-4.8.0-java-win-64bit-jre_20180923\pleiades\workspace\Ecsite_ver2)
2019-06-25 10:44:56.811  INFO 7052 --- [restartedMain] com.example.demo.EcsiteVer2Application   : No active profile set, falling back to default profiles: default
2019-06-25 10:44:56.850  INFO 7052 --- [restartedMain] ConfigServletWebServerApplicationContext : Refreshing org.springframework.boot.web.servlet.context.AnnotationConfigServletWebServerApplicationContext@a0c2d96: startup date [Tue Jun 25 10:44:56 JST 2019]; root of context hierarchy
2019-06-25 10:44:58.060  INFO 7052 --- [restartedMain] o.s.b.w.embedded.tomcat.TomcatWebServer  : Tomcat initialized with port(s): 8090 (http)
2019-06-25 10:44:58.091  INFO 7052 --- [restartedMain] o.apache.catalina.core.StandardService   : Starting service [Tomcat]
2019-06-25 10:44:58.092  INFO 7052 --- [restartedMain] org.apache.catalina.core.StandardEngine  : Starting Servlet Engine: Apache Tomcat/8.5.31
2019-06-25 10:44:58.096  INFO 7052 --- [localhost-startStop-1] o.a.catalina.core.AprLifecycleListener   : Loaded APR based Apache Tomcat Native library [1.2.18] using APR version [1.6.5].
2019-06-25 10:44:58.096  INFO 7052 --- [localhost-startStop-1] o.a.catalina.core.AprLifecycleListener   : APR capabilities: IPv6 [true], sendfile [true], accept filters [false], random [true].
2019-06-25 10:44:58.101  INFO 7052 --- [localhost-startStop-1] o.a.catalina.core.AprLifecycleListener   : APR/OpenSSL configuration: useAprConnector [false], useOpenSSL [true]
2019-06-25 10:44:58.106  INFO 7052 --- [localhost-startStop-1] o.a.catalina.core.AprLifecycleListener   : OpenSSL successfully initialized [OpenSSL 1.1.1  11 Sep 2018]
2019-06-25 10:44:58.172  INFO 7052 --- [localhost-startStop-1] o.a.c.c.C.[Tomcat].[localhost].[/]       : Initializing Spring embedded WebApplicationContext
2019-06-25 10:44:58.173  INFO 7052 --- [localhost-startStop-1] o.s.web.context.ContextLoader            : Root WebApplicationContext: initialization completed in 1323 ms
2019-06-25 10:44:58.284  INFO 7052 --- [localhost-startStop-1] o.s.b.w.servlet.ServletRegistrationBean  : Servlet dispatcherServlet mapped to [/]
2019-06-25 10:44:58.289  INFO 7052 --- [localhost-startStop-1] o.s.b.w.servlet.FilterRegistrationBean   : Mapping filter: 'characterEncodingFilter' to: [/*]
2019-06-25 10:44:58.289  INFO 7052 --- [localhost-startStop-1] o.s.b.w.servlet.FilterRegistrationBean   : Mapping filter: 'hiddenHttpMethodFilter' to: [/*]
2019-06-25 10:44:58.289  INFO 7052 --- [localhost-startStop-1] o.s.b.w.servlet.FilterRegistrationBean   : Mapping filter: 'httpPutFormContentFilter' to: [/*]
2019-06-25 10:44:58.295  INFO 7052 --- [localhost-startStop-1] o.s.b.w.servlet.FilterRegistrationBean   : Mapping filter: 'requestContextFilter' to: [/*]
2019-06-25 10:44:58.492  INFO 7052 --- [restartedMain] o.s.w.s.handler.SimpleUrlHandlerMapping  : Mapped URL path [/**/favicon.ico] onto handler of type [class org.springframework.web.servlet.resource.ResourceHttpRequestHandler]
2019-06-25 10:44:58.688  INFO 7052 --- [restartedMain] s.w.s.m.m.a.RequestMappingHandlerAdapter : Looking for @ControllerAdvice: org.springframework.boot.web.servlet.context.AnnotationConfigServletWebServerApplicationContext@a0c2d96: startup date [Tue Jun 25 10:44:56 JST 2019]; root of context hierarchy
2019-06-25 10:44:58.734  INFO 7052 --- [restartedMain] s.w.s.m.m.a.RequestMappingHandlerMapping : Mapped "{[/cart2],methods=[POST]}" onto public java.lang.String com.example.demo.CartController.count(org.springframework.ui.Model,com.example.demo.CartForm)
2019-06-25 10:44:58.735  INFO 7052 --- [restartedMain] s.w.s.m.m.a.RequestMappingHandlerMapping : Mapped "{[/cart],methods=[GET]}" onto public java.lang.String com.example.demo.CartController.cart(org.springframework.ui.Model)
2019-06-25 10:44:58.735  INFO 7052 --- [restartedMain] s.w.s.m.m.a.RequestMappingHandlerMapping : Mapped "{[/buy],methods=[POST]}" onto public java.lang.String com.example.demo.CartController.buy(org.springframework.ui.Model,com.example.demo.CartForm)
2019-06-25 10:44:58.736  INFO 7052 --- [restartedMain] s.w.s.m.m.a.RequestMappingHandlerMapping : Mapped "{[/cart],methods=[POST]}" onto public java.lang.String com.example.demo.GoodsController.goods(org.springframework.ui.Model,com.example.demo.GoodsForm,org.springframework.validation.BindingResult)
2019-06-25 10:44:58.736  INFO 7052 --- [restartedMain] s.w.s.m.m.a.RequestMappingHandlerMapping : Mapped "{[/goods],methods=[GET]}" onto public java.lang.String com.example.demo.GoodsController.goods(org.springframework.ui.Model,java.lang.String,com.example.demo.GoodsForm)
2019-06-25 10:44:58.741  INFO 7052 --- [restartedMain] s.w.s.m.m.a.RequestMappingHandlerMapping : Mapped "{[/goods],methods=[POST]}" onto public java.lang.String com.example.demo.GoodsController.lgoods(org.springframework.ui.Model,com.example.demo.GoodsForm)
2019-06-25 10:44:58.742  INFO 7052 --- [restartedMain] s.w.s.m.m.a.RequestMappingHandlerMapping : Mapped "{[/goodscommit],methods=[GET]}" onto public java.lang.String com.example.demo.GoodsController.price(org.springframework.ui.Model,com.example.demo.GoodsForm)
2019-06-25 10:44:58.742  INFO 7052 --- [restartedMain] s.w.s.m.m.a.RequestMappingHandlerMapping : Mapped "{[/index],methods=[GET]}" onto public java.lang.String com.example.demo.IndexController.index(org.springframework.ui.Model)
2019-06-25 10:44:58.743  INFO 7052 --- [restartedMain] s.w.s.m.m.a.RequestMappingHandlerMapping : Mapped "{[/index],methods=[POST]}" onto public java.lang.String com.example.demo.LoginController.index(org.springframework.ui.Model,com.example.demo.LoginForm,org.springframework.validation.BindingResult)
2019-06-25 10:44:58.743  INFO 7052 --- [restartedMain] s.w.s.m.m.a.RequestMappingHandlerMapping : Mapped "{[/login],methods=[GET]}" onto public java.lang.String com.example.demo.LoginController.index(org.springframework.ui.Model)
2019-06-25 10:44:58.744  INFO 7052 --- [restartedMain] s.w.s.m.m.a.RequestMappingHandlerMapping : Mapped "{[/logout],methods=[GET]}" onto public java.lang.String com.example.demo.LogoutController.logout()
2019-06-25 10:44:58.744  INFO 7052 --- [restartedMain] s.w.s.m.m.a.RequestMappingHandlerMapping : Mapped "{[/index2],methods=[POST]}" onto public java.lang.String com.example.demo.LogoutController.logout(org.springframework.ui.Model)
2019-06-25 10:44:58.744  INFO 7052 --- [restartedMain] s.w.s.m.m.a.RequestMappingHandlerMapping : Mapped "{[/mypage],methods=[GET]}" onto public java.lang.String com.example.demo.MypageController.mypate(org.springframework.ui.Model)
2019-06-25 10:44:58.749  INFO 7052 --- [restartedMain] s.w.s.m.m.a.RequestMappingHandlerMapping : Mapped "{[/newid],methods=[GET]}" onto public java.lang.String com.example.demo.NewidController.index(org.springframework.ui.Model)
2019-06-25 10:44:58.750  INFO 7052 --- [restartedMain] s.w.s.m.m.a.RequestMappingHandlerMapping : Mapped "{[/madenewid],methods=[POST]}" onto public java.lang.String com.example.demo.NewidController.index(org.springframework.ui.Model,com.example.demo.NewidForm,org.springframework.validation.BindingResult)
2019-06-25 10:44:58.754  INFO 7052 --- [restartedMain] s.w.s.m.m.a.RequestMappingHandlerMapping : Mapped "{[/error]}" onto public org.springframework.http.ResponseEntity<java.util.Map<java.lang.String, java.lang.Object>> org.springframework.boot.autoconfigure.web.servlet.error.BasicErrorController.error(javax.servlet.http.HttpServletRequest)
2019-06-25 10:44:58.755  INFO 7052 --- [restartedMain] s.w.s.m.m.a.RequestMappingHandlerMapping : Mapped "{[/error],produces=[text/html]}" onto public org.springframework.web.servlet.ModelAndView org.springframework.boot.autoconfigure.web.servlet.error.BasicErrorController.errorHtml(javax.servlet.http.HttpServletRequest,javax.servlet.http.HttpServletResponse)
2019-06-25 10:44:58.778  INFO 7052 --- [restartedMain] o.s.w.s.handler.SimpleUrlHandlerMapping  : Mapped URL path [/webjars/**] onto handler of type [class org.springframework.web.servlet.resource.ResourceHttpRequestHandler]
2019-06-25 10:44:58.779  INFO 7052 --- [restartedMain] o.s.w.s.handler.SimpleUrlHandlerMapping  : Mapped URL path [/**] onto handler of type [class org.springframework.web.servlet.resource.ResourceHttpRequestHandler]
2019-06-25 10:44:58.866  INFO 7052 --- [restartedMain] o.s.b.a.w.s.WelcomePageHandlerMapping    : Adding welcome page template: index
2019-06-25 10:44:59.037  WARN 7052 --- [restartedMain] o.s.b.d.a.OptionalLiveReloadServer       : Unable to start LiveReload server
2019-06-25 10:44:59.063  INFO 7052 --- [restartedMain] o.s.j.e.a.AnnotationMBeanExporter        : Registering beans for JMX exposure on startup
2019-06-25 10:44:59.064  INFO 7052 --- [restartedMain] o.s.j.e.a.AnnotationMBeanExporter        : Bean with name 'dataSource' has been autodetected for JMX exposure
2019-06-25 10:44:59.069  INFO 7052 --- [restartedMain] o.s.j.e.a.AnnotationMBeanExporter        : Located MBean 'dataSource': registering with JMX server as MBean [com.zaxxer.hikari:name=dataSource,type=HikariDataSource]
2019-06-25 10:44:59.084 ERROR 7052 --- [restartedMain] o.apache.catalina.core.StandardService   : Failed to start connector [Connector[HTTP/1.1-8090]]

org.apache.catalina.LifecycleException: Failed to start component [Connector[HTTP/1.1-8090]]
	at org.apache.catalina.util.LifecycleBase.start(LifecycleBase.java:167) ~[tomcat-embed-core-8.5.31.jar:8.5.31]
	at org.apache.catalina.core.StandardService.addConnector(StandardService.java:225) ~[tomcat-embed-core-8.5.31.jar:8.5.31]
	at org.springframework.boot.web.embedded.tomcat.TomcatWebServer.addPreviouslyRemovedConnectors(TomcatWebServer.java:256) [spring-boot-2.0.3.RELEASE.jar:2.0.3.RELEASE]
	at org.springframework.boot.web.embedded.tomcat.TomcatWebServer.start(TomcatWebServer.java:198) [spring-boot-2.0.3.RELEASE.jar:2.0.3.RELEASE]
	at org.springframework.boot.web.servlet.context.ServletWebServerApplicationContext.startWebServer(ServletWebServerApplicationContext.java:300) [spring-boot-2.0.3.RELEASE.jar:2.0.3.RELEASE]
	at org.springframework.boot.web.servlet.context.ServletWebServerApplicationContext.finishRefresh(ServletWebServerApplicationContext.java:162) [spring-boot-2.0.3.RELEASE.jar:2.0.3.RELEASE]
	at org.springframework.context.support.AbstractApplicationContext.refresh(AbstractApplicationContext.java:553) [spring-context-5.0.7.RELEASE.jar:5.0.7.RELEASE]
	at org.springframework.boot.web.servlet.context.ServletWebServerApplicationContext.refresh(ServletWebServerApplicationContext.java:140) [spring-boot-2.0.3.RELEASE.jar:2.0.3.RELEASE]
	at org.springframework.boot.SpringApplication.refresh(SpringApplication.java:759) [spring-boot-2.0.3.RELEASE.jar:2.0.3.RELEASE]
	at org.springframework.boot.SpringApplication.refreshContext(SpringApplication.java:395) [spring-boot-2.0.3.RELEASE.jar:2.0.3.RELEASE]
	at org.springframework.boot.SpringApplication.run(SpringApplication.java:327) [spring-boot-2.0.3.RELEASE.jar:2.0.3.RELEASE]
	at org.springframework.boot.SpringApplication.run(SpringApplication.java:1255) [spring-boot-2.0.3.RELEASE.jar:2.0.3.RELEASE]
	at org.springframework.boot.SpringApplication.run(SpringApplication.java:1243) [spring-boot-2.0.3.RELEASE.jar:2.0.3.RELEASE]
	at com.example.demo.EcsiteVer2Application.main(EcsiteVer2Application.java:10) [classes/:na]
	at sun.reflect.NativeMethodAccessorImpl.invoke0(Native Method) ~[na:1.8.0_172]
	at sun.reflect.NativeMethodAccessorImpl.invoke(NativeMethodAccessorImpl.java:62) ~[na:1.8.0_172]
	at sun.reflect.DelegatingMethodAccessorImpl.invoke(DelegatingMethodAccessorImpl.java:43) ~[na:1.8.0_172]
	at java.lang.reflect.Method.invoke(Method.java:498) ~[na:1.8.0_172]
	at org.springframework.boot.devtools.restart.RestartLauncher.run(RestartLauncher.java:49) [spring-boot-devtools-2.0.3.RELEASE.jar:2.0.3.RELEASE]
Caused by: org.apache.catalina.LifecycleException: Protocol handler start failed
	at org.apache.catalina.connector.Connector.startInternal(Connector.java:1020) ~[tomcat-embed-core-8.5.31.jar:8.5.31]
	at org.apache.catalina.util.LifecycleBase.start(LifecycleBase.java:150) ~[tomcat-embed-core-8.5.31.jar:8.5.31]
	... 18 common frames omitted
Caused by: java.net.BindException: Address already in use: bind
	at sun.nio.ch.Net.bind0(Native Method) ~[na:1.8.0_172]
	at sun.nio.ch.Net.bind(Net.java:433) ~[na:1.8.0_172]
	at sun.nio.ch.Net.bind(Net.java:425) ~[na:1.8.0_172]
	at sun.nio.ch.ServerSocketChannelImpl.bind(ServerSocketChannelImpl.java:223) ~[na:1.8.0_172]
	at sun.nio.ch.ServerSocketAdaptor.bind(ServerSocketAdaptor.java:74) ~[na:1.8.0_172]
	at org.apache.tomcat.util.net.NioEndpoint.bind(NioEndpoint.java:210) ~[tomcat-embed-core-8.5.31.jar:8.5.31]
	at org.apache.tomcat.util.net.AbstractEndpoint.start(AbstractEndpoint.java:1150) ~[tomcat-embed-core-8.5.31.jar:8.5.31]
	at org.apache.coyote.AbstractProtocol.start(AbstractProtocol.java:591) ~[tomcat-embed-core-8.5.31.jar:8.5.31]
	at org.apache.catalina.connector.Connector.startInternal(Connector.java:1018) ~[tomcat-embed-core-8.5.31.jar:8.5.31]
	... 19 common frames omitted

2019-06-25 10:44:59.087  INFO 7052 --- [restartedMain] o.apache.catalina.core.StandardService   : Stopping service [Tomcat]
2019-06-25 10:44:59.097  INFO 7052 --- [restartedMain] ConditionEvaluationReportLoggingListener : 

Error starting ApplicationContext. To display the conditions report re-run your application with 'debug' enabled.
2019-06-25 10:44:59.100 ERROR 7052 --- [restartedMain] o.s.b.d.LoggingFailureAnalysisReporter   : 

***************************
APPLICATION FAILED TO START
***************************

Description:

The Tomcat connector configured to listen on port 8090 failed to start. The port may already be in use or the connector may be misconfigured.

Action:

Verify the connector's configuration, identify and stop any process that's listening on port 8090, or configure this application to listen on another port.

2019-06-25 10:44:59.101  INFO 7052 --- [restartedMain] ConfigServletWebServerApplicationContext : Closing org.springframework.boot.web.servlet.context.AnnotationConfigServletWebServerApplicationContext@a0c2d96: startup date [Tue Jun 25 10:44:56 JST 2019]; root of context hierarchy
2019-06-25 10:44:59.110  INFO 7052 --- [restartedMain] o.s.j.e.a.AnnotationMBeanExporter        : Unregistering JMX-exposed beans on shutdown
2019-06-25 10:44:59.110  INFO 7052 --- [restartedMain] o.s.j.e.a.AnnotationMBeanExporter        : Unregistering JMX-exposed beans
2019-06-25 10:46:38.204  INFO 7856 --- [Thread-10] ConfigServletWebServerApplicationContext : Closing org.springframework.boot.web.servlet.context.AnnotationConfigServletWebServerApplicationContext@6b55bc55: startup date [Tue Jun 25 10:37:39 JST 2019]; root of context hierarchy
2019-06-25 10:46:38.208  INFO 7856 --- [Thread-10] o.s.j.e.a.AnnotationMBeanExporter        : Unregistering JMX-exposed beans on shutdown
2019-06-25 10:46:38.220  INFO 7856 --- [Thread-10] o.s.j.e.a.AnnotationMBeanExporter        : Unregistering JMX-exposed beans
2019-06-25 10:46:38.221  INFO 7856 --- [Thread-10] com.zaxxer.hikari.HikariDataSource       : HikariPool-2 - Shutdown initiated...
2019-06-25 10:46:38.231  INFO 7856 --- [Thread-10] com.zaxxer.hikari.HikariDataSource       : HikariPool-2 - Shutdown completed.
2019-06-25 10:46:38.630  INFO 7856 --- [restartedMain] com.example.demo.EcsiteVer2Application   : Starting EcsiteVer2Application on fuser1-HP with PID 7856 (C:\Users\suganuma\Desktop\pleiades-4.8.0-java-win-64bit-jre_20180923\pleiades\workspace\Ecsite_ver2\target\classes started by suganuma in C:\Users\suganuma\Desktop\pleiades-4.8.0-java-win-64bit-jre_20180923\pleiades\workspace\Ecsite_ver2)
2019-06-25 10:46:38.630  INFO 7856 --- [restartedMain] com.example.demo.EcsiteVer2Application   : No active profile set, falling back to default profiles: default
2019-06-25 10:46:38.633  INFO 7856 --- [restartedMain] ConfigServletWebServerApplicationContext : Refreshing org.springframework.boot.web.servlet.context.AnnotationConfigServletWebServerApplicationContext@6fa379b2: startup date [Tue Jun 25 10:46:38 JST 2019]; root of context hierarchy
2019-06-25 10:46:39.055  INFO 7856 --- [restartedMain] o.s.b.w.embedded.tomcat.TomcatWebServer  : Tomcat initialized with port(s): 8090 (http)
2019-06-25 10:46:39.056  INFO 7856 --- [restartedMain] o.apache.catalina.core.StandardService   : Starting service [Tomcat]
2019-06-25 10:46:39.056  INFO 7856 --- [restartedMain] org.apache.catalina.core.StandardEngine  : Starting Servlet Engine: Apache Tomcat/8.5.31
2019-06-25 10:46:39.057  INFO 7856 --- [localhost-startStop-1] o.a.catalina.core.AprLifecycleListener   : Loaded APR based Apache Tomcat Native library [1.2.18] using APR version [1.6.5].
2019-06-25 10:46:39.058  INFO 7856 --- [localhost-startStop-1] o.a.catalina.core.AprLifecycleListener   : APR capabilities: IPv6 [true], sendfile [true], accept filters [false], random [true].
2019-06-25 10:46:39.058  INFO 7856 --- [localhost-startStop-1] o.a.catalina.core.AprLifecycleListener   : APR/OpenSSL configuration: useAprConnector [false], useOpenSSL [true]
2019-06-25 10:46:39.059  INFO 7856 --- [localhost-startStop-1] o.a.catalina.core.AprLifecycleListener   : OpenSSL successfully initialized [OpenSSL 1.1.1  11 Sep 2018]
2019-06-25 10:46:39.083  INFO 7856 --- [localhost-startStop-1] o.a.c.c.C.[Tomcat].[localhost].[/]       : Initializing Spring embedded WebApplicationContext
2019-06-25 10:46:39.083  INFO 7856 --- [localhost-startStop-1] o.s.web.context.ContextLoader            : Root WebApplicationContext: initialization completed in 450 ms
2019-06-25 10:46:39.104  INFO 7856 --- [localhost-startStop-1] o.s.b.w.servlet.ServletRegistrationBean  : Servlet dispatcherServlet mapped to [/]
2019-06-25 10:46:39.105  INFO 7856 --- [localhost-startStop-1] o.s.b.w.servlet.FilterRegistrationBean   : Mapping filter: 'characterEncodingFilter' to: [/*]
2019-06-25 10:46:39.105  INFO 7856 --- [localhost-startStop-1] o.s.b.w.servlet.FilterRegistrationBean   : Mapping filter: 'hiddenHttpMethodFilter' to: [/*]
2019-06-25 10:46:39.105  INFO 7856 --- [localhost-startStop-1] o.s.b.w.servlet.FilterRegistrationBean   : Mapping filter: 'httpPutFormContentFilter' to: [/*]
2019-06-25 10:46:39.110  INFO 7856 --- [localhost-startStop-1] o.s.b.w.servlet.FilterRegistrationBean   : Mapping filter: 'requestContextFilter' to: [/*]
2019-06-25 10:46:39.170  INFO 7856 --- [restartedMain] o.s.w.s.handler.SimpleUrlHandlerMapping  : Mapped URL path [/**/favicon.ico] onto handler of type [class org.springframework.web.servlet.resource.ResourceHttpRequestHandler]
2019-06-25 10:46:39.210  INFO 7856 --- [restartedMain] s.w.s.m.m.a.RequestMappingHandlerAdapter : Looking for @ControllerAdvice: org.springframework.boot.web.servlet.context.AnnotationConfigServletWebServerApplicationContext@6fa379b2: startup date [Tue Jun 25 10:46:38 JST 2019]; root of context hierarchy
2019-06-25 10:46:39.217  INFO 7856 --- [restartedMain] s.w.s.m.m.a.RequestMappingHandlerMapping : Mapped "{[/cart2],methods=[POST]}" onto public java.lang.String com.example.demo.CartController.count(org.springframework.ui.Model,com.example.demo.CartForm)
2019-06-25 10:46:39.217  INFO 7856 --- [restartedMain] s.w.s.m.m.a.RequestMappingHandlerMapping : Mapped "{[/cart],methods=[GET]}" onto public java.lang.String com.example.demo.CartController.cart(org.springframework.ui.Model)
2019-06-25 10:46:39.217  INFO 7856 --- [restartedMain] s.w.s.m.m.a.RequestMappingHandlerMapping : Mapped "{[/buy],methods=[POST]}" onto public java.lang.String com.example.demo.CartController.buy(org.springframework.ui.Model,com.example.demo.CartForm)
2019-06-25 10:46:39.217  INFO 7856 --- [restartedMain] s.w.s.m.m.a.RequestMappingHandlerMapping : Mapped "{[/cart],methods=[POST]}" onto public java.lang.String com.example.demo.GoodsController.goods(org.springframework.ui.Model,com.example.demo.GoodsForm,org.springframework.validation.BindingResult)
2019-06-25 10:46:39.218  INFO 7856 --- [restartedMain] s.w.s.m.m.a.RequestMappingHandlerMapping : Mapped "{[/goods],methods=[GET]}" onto public java.lang.String com.example.demo.GoodsController.goods(org.springframework.ui.Model,java.lang.String,com.example.demo.GoodsForm)
2019-06-25 10:46:39.218  INFO 7856 --- [restartedMain] s.w.s.m.m.a.RequestMappingHandlerMapping : Mapped "{[/goods],methods=[POST]}" onto public java.lang.String com.example.demo.GoodsController.lgoods(org.springframework.ui.Model,com.example.demo.GoodsForm)
2019-06-25 10:46:39.218  INFO 7856 --- [restartedMain] s.w.s.m.m.a.RequestMappingHandlerMapping : Mapped "{[/goodscommit],methods=[GET]}" onto public java.lang.String com.example.demo.GoodsController.price(org.springframework.ui.Model,com.example.demo.GoodsForm)
2019-06-25 10:46:39.218  INFO 7856 --- [restartedMain] s.w.s.m.m.a.RequestMappingHandlerMapping : Mapped "{[/index],methods=[GET]}" onto public java.lang.String com.example.demo.IndexController.index(org.springframework.ui.Model)
2019-06-25 10:46:39.218  INFO 7856 --- [restartedMain] s.w.s.m.m.a.RequestMappingHandlerMapping : Mapped "{[/index],methods=[POST]}" onto public java.lang.String com.example.demo.LoginController.index(org.springframework.ui.Model,com.example.demo.LoginForm,org.springframework.validation.BindingResult)
2019-06-25 10:46:39.219  INFO 7856 --- [restartedMain] s.w.s.m.m.a.RequestMappingHandlerMapping : Mapped "{[/login],methods=[GET]}" onto public java.lang.String com.example.demo.LoginController.index(org.springframework.ui.Model)
2019-06-25 10:46:39.219  INFO 7856 --- [restartedMain] s.w.s.m.m.a.RequestMappingHandlerMapping : Mapped "{[/logout],methods=[GET]}" onto public java.lang.String com.example.demo.LogoutController.logout()
2019-06-25 10:46:39.219  INFO 7856 --- [restartedMain] s.w.s.m.m.a.RequestMappingHandlerMapping : Mapped "{[/index2],methods=[POST]}" onto public java.lang.String com.example.demo.LogoutController.logout(org.springframework.ui.Model)
2019-06-25 10:46:39.219  INFO 7856 --- [restartedMain] s.w.s.m.m.a.RequestMappingHandlerMapping : Mapped "{[/mypage],methods=[GET]}" onto public java.lang.String com.example.demo.MypageController.mypate(org.springframework.ui.Model)
2019-06-25 10:46:39.224  INFO 7856 --- [restartedMain] s.w.s.m.m.a.RequestMappingHandlerMapping : Mapped "{[/newid],methods=[GET]}" onto public java.lang.String com.example.demo.NewidController.index(org.springframework.ui.Model)
2019-06-25 10:46:39.225  INFO 7856 --- [restartedMain] s.w.s.m.m.a.RequestMappingHandlerMapping : Mapped "{[/madenewid],methods=[POST]}" onto public java.lang.String com.example.demo.NewidController.index(org.springframework.ui.Model,com.example.demo.NewidForm,org.springframework.validation.BindingResult)
2019-06-25 10:46:39.226  INFO 7856 --- [restartedMain] s.w.s.m.m.a.RequestMappingHandlerMapping : Mapped "{[/error]}" onto public org.springframework.http.ResponseEntity<java.util.Map<java.lang.String, java.lang.Object>> org.springframework.boot.autoconfigure.web.servlet.error.BasicErrorController.error(javax.servlet.http.HttpServletRequest)
2019-06-25 10:46:39.227  INFO 7856 --- [restartedMain] s.w.s.m.m.a.RequestMappingHandlerMapping : Mapped "{[/error],produces=[text/html]}" onto public org.springframework.web.servlet.ModelAndView org.springframework.boot.autoconfigure.web.servlet.error.BasicErrorController.errorHtml(javax.servlet.http.HttpServletRequest,javax.servlet.http.HttpServletResponse)
2019-06-25 10:46:39.234  INFO 7856 --- [restartedMain] o.s.w.s.handler.SimpleUrlHandlerMapping  : Mapped URL path [/webjars/**] onto handler of type [class org.springframework.web.servlet.resource.ResourceHttpRequestHandler]
2019-06-25 10:46:39.234  INFO 7856 --- [restartedMain] o.s.w.s.handler.SimpleUrlHandlerMapping  : Mapped URL path [/**] onto handler of type [class org.springframework.web.servlet.resource.ResourceHttpRequestHandler]
2019-06-25 10:46:39.256  INFO 7856 --- [restartedMain] o.s.b.a.w.s.WelcomePageHandlerMapping    : Adding welcome page template: index
2019-06-25 10:46:39.293  INFO 7856 --- [restartedMain] o.s.b.d.a.OptionalLiveReloadServer       : LiveReload server is running on port 35729
2019-06-25 10:46:39.310  INFO 7856 --- [restartedMain] o.s.j.e.a.AnnotationMBeanExporter        : Registering beans for JMX exposure on startup
2019-06-25 10:46:39.310  INFO 7856 --- [restartedMain] o.s.j.e.a.AnnotationMBeanExporter        : Bean with name 'dataSource' has been autodetected for JMX exposure
2019-06-25 10:46:39.314  INFO 7856 --- [restartedMain] o.s.j.e.a.AnnotationMBeanExporter        : Located MBean 'dataSource': registering with JMX server as MBean [com.zaxxer.hikari:name=dataSource,type=HikariDataSource]
2019-06-25 10:46:39.323  INFO 7856 --- [restartedMain] o.s.b.w.embedded.tomcat.TomcatWebServer  : Tomcat started on port(s): 8090 (http) with context path ''
2019-06-25 10:46:39.323  INFO 7856 --- [restartedMain] com.example.demo.EcsiteVer2Application   : Started EcsiteVer2Application in 0.726 seconds (JVM running for 1039.765)
2019-06-25 10:46:39.325  INFO 7856 --- [restartedMain] .ConditionEvaluationDeltaLoggingListener : Condition evaluation unchanged
2019-06-25 10:46:40.941  INFO 7856 --- [http-nio-8090-exec-1] o.a.c.c.C.[Tomcat].[localhost].[/]       : Initializing Spring FrameworkServlet 'dispatcherServlet'
2019-06-25 10:46:40.952  INFO 7856 --- [http-nio-8090-exec-1] o.s.web.servlet.DispatcherServlet        : FrameworkServlet 'dispatcherServlet': initialization started
2019-06-25 10:46:40.965  INFO 7856 --- [http-nio-8090-exec-1] o.s.web.servlet.DispatcherServlet        : FrameworkServlet 'dispatcherServlet': initialization completed in 7 ms
2019-06-25 10:46:40.969  INFO 7856 --- [http-nio-8090-exec-1] com.zaxxer.hikari.HikariDataSource       : HikariPool-3 - Starting...
2019-06-25 10:46:40.975  INFO 7856 --- [http-nio-8090-exec-1] com.zaxxer.hikari.HikariDataSource       : HikariPool-3 - Start completed.
2019-06-25 11:18:52.280  INFO 7856 --- [RMI TCP Connection(2)-127.0.0.1] inMXBeanRegistrar$SpringApplicationAdmin : Application shutdown requested.
2019-06-25 11:18:52.280  INFO 7856 --- [RMI TCP Connection(2)-127.0.0.1] ConfigServletWebServerApplicationContext : Closing org.springframework.boot.web.servlet.context.AnnotationConfigServletWebServerApplicationContext@6fa379b2: startup date [Tue Jun 25 10:46:38 JST 2019]; root of context hierarchy
2019-06-25 11:18:52.281  INFO 7856 --- [RMI TCP Connection(2)-127.0.0.1] o.s.j.e.a.AnnotationMBeanExporter        : Unregistering JMX-exposed beans on shutdown
2019-06-25 11:18:52.287  INFO 7856 --- [RMI TCP Connection(2)-127.0.0.1] o.s.j.e.a.AnnotationMBeanExporter        : Unregistering JMX-exposed beans
2019-06-25 11:18:52.287  INFO 7856 --- [RMI TCP Connection(2)-127.0.0.1] com.zaxxer.hikari.HikariDataSource       : HikariPool-3 - Shutdown initiated...
2019-06-25 11:18:52.297  INFO 7856 --- [RMI TCP Connection(2)-127.0.0.1] com.zaxxer.hikari.HikariDataSource       : HikariPool-3 - Shutdown completed.
